[2025-10-02T18:47:05.300+0000] {local_task_job_runner.py:120} INFO - ::group::Pre task execution logs
[2025-10-02T18:47:05.322+0000] {taskinstance.py:2076} INFO - Dependencies all met for dep_context=non-requeueable deps ti=<TaskInstance: Airflow_Depi.random_number scheduled__2025-10-02T18:46:00+00:00 [queued]>
[2025-10-02T18:47:05.329+0000] {taskinstance.py:2076} INFO - Dependencies all met for dep_context=requeueable deps ti=<TaskInstance: Airflow_Depi.random_number scheduled__2025-10-02T18:46:00+00:00 [queued]>
[2025-10-02T18:47:05.331+0000] {taskinstance.py:2306} INFO - Starting attempt 1 of 1
[2025-10-02T18:47:05.344+0000] {taskinstance.py:2330} INFO - Executing <Task(PythonOperator): random_number> on 2025-10-02 18:46:00+00:00
[2025-10-02T18:47:05.349+0000] {warnings.py:112} WARNING - /home/***/.local/lib/python3.12/site-packages/***/task/task_runner/standard_task_runner.py:61: DeprecationWarning: This process (pid=3761) is multi-threaded, use of fork() may lead to deadlocks in the child.
  pid = os.fork()

[2025-10-02T18:47:05.351+0000] {standard_task_runner.py:63} INFO - Started process 3763 to run task
[2025-10-02T18:47:05.351+0000] {standard_task_runner.py:90} INFO - Running: ['***', 'tasks', 'run', 'Airflow_Depi', 'random_number', 'scheduled__2025-10-02T18:46:00+00:00', '--job-id', '1049', '--raw', '--subdir', 'DAGS_FOLDER/Airflow_Depi.py', '--cfg-path', '/tmp/tmp4moi05h6']
[2025-10-02T18:47:05.353+0000] {standard_task_runner.py:91} INFO - Job 1049: Subtask random_number
[2025-10-02T18:47:05.364+0000] {warnings.py:112} WARNING - /home/***/.local/lib/python3.12/site-packages/***/settings.py:195: DeprecationWarning: The sql_alchemy_conn option in [core] has been moved to the sql_alchemy_conn option in [database] - the old setting has been used, but please update your config.
  SQL_ALCHEMY_CONN = conf.get("database", "SQL_ALCHEMY_CONN")

[2025-10-02T18:47:05.411+0000] {task_command.py:426} INFO - Running <TaskInstance: Airflow_Depi.random_number scheduled__2025-10-02T18:46:00+00:00 [running]> on host 7b79ac012ec6
[2025-10-02T18:47:05.486+0000] {taskinstance.py:2648} INFO - Exporting env vars: AIRFLOW_CTX_DAG_OWNER='***' AIRFLOW_CTX_DAG_ID='Airflow_Depi' AIRFLOW_CTX_TASK_ID='random_number' AIRFLOW_CTX_EXECUTION_DATE='2025-10-02T18:46:00+00:00' AIRFLOW_CTX_TRY_NUMBER='1' AIRFLOW_CTX_DAG_RUN_ID='scheduled__2025-10-02T18:46:00+00:00'
[2025-10-02T18:47:05.488+0000] {taskinstance.py:430} INFO - ::endgroup::
[2025-10-02T18:47:05.488+0000] {logging_mixin.py:188} INFO - 98
[2025-10-02T18:47:05.492+0000] {python.py:237} INFO - Done. Returned value was: None
[2025-10-02T18:47:05.493+0000] {taskinstance.py:441} INFO - ::group::Post task execution logs
[2025-10-02T18:47:05.500+0000] {taskinstance.py:1206} INFO - Marking task as SUCCESS. dag_id=Airflow_Depi, task_id=random_number, run_id=scheduled__2025-10-02T18:46:00+00:00, execution_date=20251002T184600, start_date=20251002T184705, end_date=20251002T184705
[2025-10-02T18:47:05.524+0000] {local_task_job_runner.py:240} INFO - Task exited with return code 0
[2025-10-02T18:47:05.537+0000] {taskinstance.py:3503} INFO - 0 downstream tasks scheduled from follow-on schedule check
[2025-10-02T18:47:05.538+0000] {local_task_job_runner.py:222} INFO - ::endgroup::
