[2025-10-02T18:25:02.834+0000] {local_task_job_runner.py:120} INFO - ::group::Pre task execution logs
[2025-10-02T18:25:02.850+0000] {taskinstance.py:2076} INFO - Dependencies all met for dep_context=non-requeueable deps ti=<TaskInstance: Airflow_Depi.Welcome scheduled__2025-10-02T18:24:00+00:00 [queued]>
[2025-10-02T18:25:02.858+0000] {taskinstance.py:2076} INFO - Dependencies all met for dep_context=requeueable deps ti=<TaskInstance: Airflow_Depi.Welcome scheduled__2025-10-02T18:24:00+00:00 [queued]>
[2025-10-02T18:25:02.859+0000] {taskinstance.py:2306} INFO - Starting attempt 1 of 1
[2025-10-02T18:25:02.870+0000] {taskinstance.py:2330} INFO - Executing <Task(PythonOperator): Welcome> on 2025-10-02 18:24:00+00:00
[2025-10-02T18:25:02.875+0000] {warnings.py:112} WARNING - /home/***/.local/lib/python3.12/site-packages/***/task/task_runner/standard_task_runner.py:61: DeprecationWarning: This process (pid=2923) is multi-threaded, use of fork() may lead to deadlocks in the child.
  pid = os.fork()

[2025-10-02T18:25:02.877+0000] {standard_task_runner.py:90} INFO - Running: ['***', 'tasks', 'run', 'Airflow_Depi', 'Welcome', 'scheduled__2025-10-02T18:24:00+00:00', '--job-id', '808', '--raw', '--subdir', 'DAGS_FOLDER/Airflow_Depi.py', '--cfg-path', '/tmp/tmpzau41xlt']
[2025-10-02T18:25:02.879+0000] {standard_task_runner.py:63} INFO - Started process 2931 to run task
[2025-10-02T18:25:02.880+0000] {standard_task_runner.py:91} INFO - Job 808: Subtask Welcome
[2025-10-02T18:25:02.891+0000] {warnings.py:112} WARNING - /home/***/.local/lib/python3.12/site-packages/***/settings.py:195: DeprecationWarning: The sql_alchemy_conn option in [core] has been moved to the sql_alchemy_conn option in [database] - the old setting has been used, but please update your config.
  SQL_ALCHEMY_CONN = conf.get("database", "SQL_ALCHEMY_CONN")

[2025-10-02T18:25:02.944+0000] {task_command.py:426} INFO - Running <TaskInstance: Airflow_Depi.Welcome scheduled__2025-10-02T18:24:00+00:00 [running]> on host 7b79ac012ec6
[2025-10-02T18:25:03.008+0000] {taskinstance.py:2648} INFO - Exporting env vars: AIRFLOW_CTX_DAG_OWNER='***' AIRFLOW_CTX_DAG_ID='Airflow_Depi' AIRFLOW_CTX_TASK_ID='Welcome' AIRFLOW_CTX_EXECUTION_DATE='2025-10-02T18:24:00+00:00' AIRFLOW_CTX_TRY_NUMBER='1' AIRFLOW_CTX_DAG_RUN_ID='scheduled__2025-10-02T18:24:00+00:00'
[2025-10-02T18:25:03.010+0000] {taskinstance.py:430} INFO - ::endgroup::
[2025-10-02T18:25:03.011+0000] {logging_mixin.py:188} INFO - Welcome Omar
[2025-10-02T18:25:03.011+0000] {python.py:237} INFO - Done. Returned value was: None
[2025-10-02T18:25:03.012+0000] {taskinstance.py:441} INFO - ::group::Post task execution logs
[2025-10-02T18:25:03.019+0000] {taskinstance.py:1206} INFO - Marking task as SUCCESS. dag_id=Airflow_Depi, task_id=Welcome, run_id=scheduled__2025-10-02T18:24:00+00:00, execution_date=20251002T182400, start_date=20251002T182502, end_date=20251002T182503
[2025-10-02T18:25:03.054+0000] {local_task_job_runner.py:240} INFO - Task exited with return code 0
[2025-10-02T18:25:03.072+0000] {taskinstance.py:3503} INFO - 1 downstream tasks scheduled from follow-on schedule check
[2025-10-02T18:25:03.079+0000] {local_task_job_runner.py:222} INFO - ::endgroup::
