[2025-10-02T18:26:03.495+0000] {local_task_job_runner.py:120} INFO - ::group::Pre task execution logs
[2025-10-02T18:26:03.509+0000] {taskinstance.py:2076} INFO - Dependencies all met for dep_context=non-requeueable deps ti=<TaskInstance: Airflow_Depi.random_number scheduled__2025-10-02T18:25:00+00:00 [queued]>
[2025-10-02T18:26:03.518+0000] {taskinstance.py:2076} INFO - Dependencies all met for dep_context=requeueable deps ti=<TaskInstance: Airflow_Depi.random_number scheduled__2025-10-02T18:25:00+00:00 [queued]>
[2025-10-02T18:26:03.522+0000] {taskinstance.py:2306} INFO - Starting attempt 1 of 1
[2025-10-02T18:26:03.536+0000] {taskinstance.py:2330} INFO - Executing <Task(PythonOperator): random_number> on 2025-10-02 18:25:00+00:00
[2025-10-02T18:26:03.542+0000] {warnings.py:112} WARNING - /home/***/.local/lib/python3.12/site-packages/***/task/task_runner/standard_task_runner.py:61: DeprecationWarning: This process (pid=2961) is multi-threaded, use of fork() may lead to deadlocks in the child.
  pid = os.fork()

[2025-10-02T18:26:03.543+0000] {standard_task_runner.py:63} INFO - Started process 2963 to run task
[2025-10-02T18:26:03.543+0000] {standard_task_runner.py:90} INFO - Running: ['***', 'tasks', 'run', 'Airflow_Depi', 'random_number', 'scheduled__2025-10-02T18:25:00+00:00', '--job-id', '817', '--raw', '--subdir', 'DAGS_FOLDER/Airflow_Depi.py', '--cfg-path', '/tmp/tmpy9970bi3']
[2025-10-02T18:26:03.545+0000] {standard_task_runner.py:91} INFO - Job 817: Subtask random_number
[2025-10-02T18:26:03.555+0000] {warnings.py:112} WARNING - /home/***/.local/lib/python3.12/site-packages/***/settings.py:195: DeprecationWarning: The sql_alchemy_conn option in [core] has been moved to the sql_alchemy_conn option in [database] - the old setting has been used, but please update your config.
  SQL_ALCHEMY_CONN = conf.get("database", "SQL_ALCHEMY_CONN")

[2025-10-02T18:26:03.600+0000] {task_command.py:426} INFO - Running <TaskInstance: Airflow_Depi.random_number scheduled__2025-10-02T18:25:00+00:00 [running]> on host 7b79ac012ec6
[2025-10-02T18:26:03.662+0000] {taskinstance.py:2648} INFO - Exporting env vars: AIRFLOW_CTX_DAG_OWNER='***' AIRFLOW_CTX_DAG_ID='Airflow_Depi' AIRFLOW_CTX_TASK_ID='random_number' AIRFLOW_CTX_EXECUTION_DATE='2025-10-02T18:25:00+00:00' AIRFLOW_CTX_TRY_NUMBER='1' AIRFLOW_CTX_DAG_RUN_ID='scheduled__2025-10-02T18:25:00+00:00'
[2025-10-02T18:26:03.665+0000] {taskinstance.py:430} INFO - ::endgroup::
[2025-10-02T18:26:03.667+0000] {python.py:237} INFO - Done. Returned value was: None
[2025-10-02T18:26:03.668+0000] {taskinstance.py:441} INFO - ::group::Post task execution logs
[2025-10-02T18:26:03.676+0000] {taskinstance.py:1206} INFO - Marking task as SUCCESS. dag_id=Airflow_Depi, task_id=random_number, run_id=scheduled__2025-10-02T18:25:00+00:00, execution_date=20251002T182500, start_date=20251002T182603, end_date=20251002T182603
[2025-10-02T18:26:03.719+0000] {local_task_job_runner.py:240} INFO - Task exited with return code 0
[2025-10-02T18:26:03.746+0000] {taskinstance.py:3503} INFO - 0 downstream tasks scheduled from follow-on schedule check
[2025-10-02T18:26:03.750+0000] {local_task_job_runner.py:222} INFO - ::endgroup::
