[2025-10-02T18:35:22.731+0000] {local_task_job_runner.py:120} INFO - ::group::Pre task execution logs
[2025-10-02T18:35:22.745+0000] {taskinstance.py:2076} INFO - Dependencies all met for dep_context=non-requeueable deps ti=<TaskInstance: Airflow_Depi.random_number manual__2025-10-02T18:35:16.944246+00:00 [queued]>
[2025-10-02T18:35:22.751+0000] {taskinstance.py:2076} INFO - Dependencies all met for dep_context=requeueable deps ti=<TaskInstance: Airflow_Depi.random_number manual__2025-10-02T18:35:16.944246+00:00 [queued]>
[2025-10-02T18:35:22.755+0000] {taskinstance.py:2306} INFO - Starting attempt 1 of 1
[2025-10-02T18:35:22.764+0000] {taskinstance.py:2330} INFO - Executing <Task(PythonOperator): random_number> on 2025-10-02 18:35:16.944246+00:00
[2025-10-02T18:35:22.770+0000] {warnings.py:112} WARNING - /home/***/.local/lib/python3.12/site-packages/***/task/task_runner/standard_task_runner.py:61: DeprecationWarning: This process (pid=3269) is multi-threaded, use of fork() may lead to deadlocks in the child.
  pid = os.fork()

[2025-10-02T18:35:22.773+0000] {standard_task_runner.py:63} INFO - Started process 3271 to run task
[2025-10-02T18:35:22.771+0000] {standard_task_runner.py:90} INFO - Running: ['***', 'tasks', 'run', 'Airflow_Depi', 'random_number', 'manual__2025-10-02T18:35:16.944246+00:00', '--job-id', '906', '--raw', '--subdir', 'DAGS_FOLDER/Airflow_Depi.py', '--cfg-path', '/tmp/tmpig42v1k8']
[2025-10-02T18:35:22.773+0000] {standard_task_runner.py:91} INFO - Job 906: Subtask random_number
[2025-10-02T18:35:22.782+0000] {warnings.py:112} WARNING - /home/***/.local/lib/python3.12/site-packages/***/settings.py:195: DeprecationWarning: The sql_alchemy_conn option in [core] has been moved to the sql_alchemy_conn option in [database] - the old setting has been used, but please update your config.
  SQL_ALCHEMY_CONN = conf.get("database", "SQL_ALCHEMY_CONN")

[2025-10-02T18:35:22.830+0000] {task_command.py:426} INFO - Running <TaskInstance: Airflow_Depi.random_number manual__2025-10-02T18:35:16.944246+00:00 [running]> on host 7b79ac012ec6
[2025-10-02T18:35:22.896+0000] {taskinstance.py:2648} INFO - Exporting env vars: AIRFLOW_CTX_DAG_OWNER='***' AIRFLOW_CTX_DAG_ID='Airflow_Depi' AIRFLOW_CTX_TASK_ID='random_number' AIRFLOW_CTX_EXECUTION_DATE='2025-10-02T18:35:16.944246+00:00' AIRFLOW_CTX_TRY_NUMBER='1' AIRFLOW_CTX_DAG_RUN_ID='manual__2025-10-02T18:35:16.944246+00:00'
[2025-10-02T18:35:22.897+0000] {taskinstance.py:430} INFO - ::endgroup::
[2025-10-02T18:35:22.898+0000] {logging_mixin.py:188} INFO - 8
[2025-10-02T18:35:22.903+0000] {python.py:237} INFO - Done. Returned value was: None
[2025-10-02T18:35:22.904+0000] {taskinstance.py:441} INFO - ::group::Post task execution logs
[2025-10-02T18:35:22.911+0000] {taskinstance.py:1206} INFO - Marking task as SUCCESS. dag_id=Airflow_Depi, task_id=random_number, run_id=manual__2025-10-02T18:35:16.944246+00:00, execution_date=20251002T183516, start_date=20251002T183522, end_date=20251002T183522
[2025-10-02T18:35:22.947+0000] {local_task_job_runner.py:240} INFO - Task exited with return code 0
[2025-10-02T18:35:22.960+0000] {taskinstance.py:3503} INFO - 0 downstream tasks scheduled from follow-on schedule check
[2025-10-02T18:35:22.963+0000] {local_task_job_runner.py:222} INFO - ::endgroup::
