[2025-10-02T18:23:57.825+0000] {local_task_job_runner.py:120} INFO - ::group::Pre task execution logs
[2025-10-02T18:23:57.843+0000] {taskinstance.py:2076} INFO - Dependencies all met for dep_context=non-requeueable deps ti=<TaskInstance: Airflow_Depi.print_date manual__2025-10-02T18:23:55.753293+00:00 [queued]>
[2025-10-02T18:23:57.850+0000] {taskinstance.py:2076} INFO - Dependencies all met for dep_context=requeueable deps ti=<TaskInstance: Airflow_Depi.print_date manual__2025-10-02T18:23:55.753293+00:00 [queued]>
[2025-10-02T18:23:57.851+0000] {taskinstance.py:2306} INFO - Starting attempt 1 of 1
[2025-10-02T18:23:57.862+0000] {taskinstance.py:2330} INFO - Executing <Task(BashOperator): print_date> on 2025-10-02 18:23:55.753293+00:00
[2025-10-02T18:23:57.867+0000] {warnings.py:112} WARNING - /home/***/.local/lib/python3.12/site-packages/***/task/task_runner/standard_task_runner.py:61: DeprecationWarning: This process (pid=2868) is multi-threaded, use of fork() may lead to deadlocks in the child.
  pid = os.fork()

[2025-10-02T18:23:57.870+0000] {standard_task_runner.py:63} INFO - Started process 2872 to run task
[2025-10-02T18:23:57.870+0000] {standard_task_runner.py:90} INFO - Running: ['***', 'tasks', 'run', 'Airflow_Depi', 'print_date', 'manual__2025-10-02T18:23:55.753293+00:00', '--job-id', '791', '--raw', '--subdir', 'DAGS_FOLDER/Airflow_Depi.py', '--cfg-path', '/tmp/tmpfp23usoh']
[2025-10-02T18:23:57.873+0000] {standard_task_runner.py:91} INFO - Job 791: Subtask print_date
[2025-10-02T18:23:57.886+0000] {warnings.py:112} WARNING - /home/***/.local/lib/python3.12/site-packages/***/settings.py:195: DeprecationWarning: The sql_alchemy_conn option in [core] has been moved to the sql_alchemy_conn option in [database] - the old setting has been used, but please update your config.
  SQL_ALCHEMY_CONN = conf.get("database", "SQL_ALCHEMY_CONN")

[2025-10-02T18:23:57.943+0000] {task_command.py:426} INFO - Running <TaskInstance: Airflow_Depi.print_date manual__2025-10-02T18:23:55.753293+00:00 [running]> on host 7b79ac012ec6
[2025-10-02T18:23:58.024+0000] {taskinstance.py:2648} INFO - Exporting env vars: AIRFLOW_CTX_DAG_OWNER='***' AIRFLOW_CTX_DAG_ID='Airflow_Depi' AIRFLOW_CTX_TASK_ID='print_date' AIRFLOW_CTX_EXECUTION_DATE='2025-10-02T18:23:55.753293+00:00' AIRFLOW_CTX_TRY_NUMBER='1' AIRFLOW_CTX_DAG_RUN_ID='manual__2025-10-02T18:23:55.753293+00:00'
[2025-10-02T18:23:58.026+0000] {taskinstance.py:430} INFO - ::endgroup::
[2025-10-02T18:23:58.028+0000] {subprocess.py:63} INFO - Tmp dir root location: /tmp
[2025-10-02T18:23:58.029+0000] {subprocess.py:75} INFO - Running command: ['/usr/bin/bash', '-c', 'date']
[2025-10-02T18:23:58.040+0000] {subprocess.py:86} INFO - Output:
[2025-10-02T18:23:58.042+0000] {subprocess.py:93} INFO - Thu Oct  2 18:23:58 UTC 2025
[2025-10-02T18:23:58.043+0000] {subprocess.py:97} INFO - Command exited with return code 0
[2025-10-02T18:23:58.044+0000] {taskinstance.py:441} INFO - ::group::Post task execution logs
[2025-10-02T18:23:58.062+0000] {taskinstance.py:1206} INFO - Marking task as SUCCESS. dag_id=Airflow_Depi, task_id=print_date, run_id=manual__2025-10-02T18:23:55.753293+00:00, execution_date=20251002T182355, start_date=20251002T182357, end_date=20251002T182358
[2025-10-02T18:23:58.084+0000] {local_task_job_runner.py:240} INFO - Task exited with return code 0
[2025-10-02T18:23:58.092+0000] {local_task_job_runner.py:222} INFO - ::endgroup::
