[2025-10-02T18:55:01.362+0000] {local_task_job_runner.py:120} INFO - ::group::Pre task execution logs
[2025-10-02T18:55:01.379+0000] {taskinstance.py:2076} INFO - Dependencies all met for dep_context=non-requeueable deps ti=<TaskInstance: Airflow_Depi.print_date scheduled__2025-10-02T18:54:00+00:00 [queued]>
[2025-10-02T18:55:01.385+0000] {taskinstance.py:2076} INFO - Dependencies all met for dep_context=requeueable deps ti=<TaskInstance: Airflow_Depi.print_date scheduled__2025-10-02T18:54:00+00:00 [queued]>
[2025-10-02T18:55:01.388+0000] {taskinstance.py:2306} INFO - Starting attempt 1 of 1
[2025-10-02T18:55:01.399+0000] {taskinstance.py:2330} INFO - Executing <Task(BashOperator): print_date> on 2025-10-02 18:54:00+00:00
[2025-10-02T18:55:01.406+0000] {warnings.py:112} WARNING - /home/***/.local/lib/python3.12/site-packages/***/task/task_runner/standard_task_runner.py:61: DeprecationWarning: This process (pid=3936) is multi-threaded, use of fork() may lead to deadlocks in the child.
  pid = os.fork()

[2025-10-02T18:55:01.407+0000] {standard_task_runner.py:63} INFO - Started process 3938 to run task
[2025-10-02T18:55:01.407+0000] {standard_task_runner.py:90} INFO - Running: ['***', 'tasks', 'run', 'Airflow_Depi', 'print_date', 'scheduled__2025-10-02T18:54:00+00:00', '--job-id', '1100', '--raw', '--subdir', 'DAGS_FOLDER/Airflow_Depi.py', '--cfg-path', '/tmp/tmpa7dxbtr7']
[2025-10-02T18:55:01.409+0000] {standard_task_runner.py:91} INFO - Job 1100: Subtask print_date
[2025-10-02T18:55:01.419+0000] {warnings.py:112} WARNING - /home/***/.local/lib/python3.12/site-packages/***/settings.py:195: DeprecationWarning: The sql_alchemy_conn option in [core] has been moved to the sql_alchemy_conn option in [database] - the old setting has been used, but please update your config.
  SQL_ALCHEMY_CONN = conf.get("database", "SQL_ALCHEMY_CONN")

[2025-10-02T18:55:01.486+0000] {task_command.py:426} INFO - Running <TaskInstance: Airflow_Depi.print_date scheduled__2025-10-02T18:54:00+00:00 [running]> on host 7b79ac012ec6
[2025-10-02T18:55:01.561+0000] {taskinstance.py:2648} INFO - Exporting env vars: AIRFLOW_CTX_DAG_OWNER='***' AIRFLOW_CTX_DAG_ID='Airflow_Depi' AIRFLOW_CTX_TASK_ID='print_date' AIRFLOW_CTX_EXECUTION_DATE='2025-10-02T18:54:00+00:00' AIRFLOW_CTX_TRY_NUMBER='1' AIRFLOW_CTX_DAG_RUN_ID='scheduled__2025-10-02T18:54:00+00:00'
[2025-10-02T18:55:01.563+0000] {taskinstance.py:430} INFO - ::endgroup::
[2025-10-02T18:55:01.565+0000] {subprocess.py:63} INFO - Tmp dir root location: /tmp
[2025-10-02T18:55:01.566+0000] {subprocess.py:75} INFO - Running command: ['/usr/bin/bash', '-c', 'date']
[2025-10-02T18:55:01.574+0000] {subprocess.py:86} INFO - Output:
[2025-10-02T18:55:01.576+0000] {subprocess.py:93} INFO - Thu Oct  2 18:55:01 UTC 2025
[2025-10-02T18:55:01.577+0000] {subprocess.py:97} INFO - Command exited with return code 0
[2025-10-02T18:55:01.578+0000] {taskinstance.py:441} INFO - ::group::Post task execution logs
[2025-10-02T18:55:01.595+0000] {taskinstance.py:1206} INFO - Marking task as SUCCESS. dag_id=Airflow_Depi, task_id=print_date, run_id=scheduled__2025-10-02T18:54:00+00:00, execution_date=20251002T185400, start_date=20251002T185501, end_date=20251002T185501
[2025-10-02T18:55:01.623+0000] {local_task_job_runner.py:240} INFO - Task exited with return code 0
[2025-10-02T18:55:01.647+0000] {taskinstance.py:3503} INFO - 1 downstream tasks scheduled from follow-on schedule check
[2025-10-02T18:55:01.650+0000] {local_task_job_runner.py:222} INFO - ::endgroup::
