[2025-10-02T18:36:05.161+0000] {local_task_job_runner.py:120} INFO - ::group::Pre task execution logs
[2025-10-02T18:36:05.186+0000] {taskinstance.py:2076} INFO - Dependencies all met for dep_context=non-requeueable deps ti=<TaskInstance: Airflow_Depi.random_number manual__2025-10-02T18:35:58.592678+00:00 [queued]>
[2025-10-02T18:36:05.203+0000] {taskinstance.py:2076} INFO - Dependencies all met for dep_context=requeueable deps ti=<TaskInstance: Airflow_Depi.random_number manual__2025-10-02T18:35:58.592678+00:00 [queued]>
[2025-10-02T18:36:05.206+0000] {taskinstance.py:2306} INFO - Starting attempt 1 of 1
[2025-10-02T18:36:05.224+0000] {taskinstance.py:2330} INFO - Executing <Task(PythonOperator): random_number> on 2025-10-02 18:35:58.592678+00:00
[2025-10-02T18:36:05.237+0000] {warnings.py:112} WARNING - /home/***/.local/lib/python3.12/site-packages/***/task/task_runner/standard_task_runner.py:61: DeprecationWarning: This process (pid=3347) is multi-threaded, use of fork() may lead to deadlocks in the child.
  pid = os.fork()

[2025-10-02T18:36:05.239+0000] {standard_task_runner.py:63} INFO - Started process 3364 to run task
[2025-10-02T18:36:05.239+0000] {standard_task_runner.py:90} INFO - Running: ['***', 'tasks', 'run', 'Airflow_Depi', 'random_number', 'manual__2025-10-02T18:35:58.592678+00:00', '--job-id', '929', '--raw', '--subdir', 'DAGS_FOLDER/Airflow_Depi.py', '--cfg-path', '/tmp/tmp8e5w9oai']
[2025-10-02T18:36:05.243+0000] {standard_task_runner.py:91} INFO - Job 929: Subtask random_number
[2025-10-02T18:36:05.264+0000] {warnings.py:112} WARNING - /home/***/.local/lib/python3.12/site-packages/***/settings.py:195: DeprecationWarning: The sql_alchemy_conn option in [core] has been moved to the sql_alchemy_conn option in [database] - the old setting has been used, but please update your config.
  SQL_ALCHEMY_CONN = conf.get("database", "SQL_ALCHEMY_CONN")

[2025-10-02T18:36:05.355+0000] {task_command.py:426} INFO - Running <TaskInstance: Airflow_Depi.random_number manual__2025-10-02T18:35:58.592678+00:00 [running]> on host 7b79ac012ec6
[2025-10-02T18:36:05.474+0000] {taskinstance.py:2648} INFO - Exporting env vars: AIRFLOW_CTX_DAG_OWNER='***' AIRFLOW_CTX_DAG_ID='Airflow_Depi' AIRFLOW_CTX_TASK_ID='random_number' AIRFLOW_CTX_EXECUTION_DATE='2025-10-02T18:35:58.592678+00:00' AIRFLOW_CTX_TRY_NUMBER='1' AIRFLOW_CTX_DAG_RUN_ID='manual__2025-10-02T18:35:58.592678+00:00'
[2025-10-02T18:36:05.481+0000] {taskinstance.py:430} INFO - ::endgroup::
[2025-10-02T18:36:05.482+0000] {logging_mixin.py:188} INFO - 20
[2025-10-02T18:36:05.500+0000] {python.py:237} INFO - Done. Returned value was: None
[2025-10-02T18:36:05.501+0000] {taskinstance.py:441} INFO - ::group::Post task execution logs
[2025-10-02T18:36:05.513+0000] {taskinstance.py:1206} INFO - Marking task as SUCCESS. dag_id=Airflow_Depi, task_id=random_number, run_id=manual__2025-10-02T18:35:58.592678+00:00, execution_date=20251002T183558, start_date=20251002T183605, end_date=20251002T183605
[2025-10-02T18:36:05.537+0000] {local_task_job_runner.py:240} INFO - Task exited with return code 0
[2025-10-02T18:36:05.567+0000] {taskinstance.py:3503} INFO - 0 downstream tasks scheduled from follow-on schedule check
[2025-10-02T18:36:05.578+0000] {local_task_job_runner.py:222} INFO - ::endgroup::
