[2025-09-30T18:15:41.381+0000] {processor.py:161} INFO - Started process (PID=920) to work on /opt/airflow/dags/dag5.py
[2025-09-30T18:15:41.384+0000] {processor.py:830} INFO - Processing file /opt/airflow/dags/dag5.py for tasks to queue
[2025-09-30T18:15:41.393+0000] {logging_mixin.py:188} INFO - [2025-09-30T18:15:41.393+0000] {dagbag.py:545} INFO - Filling up the DagBag from /opt/airflow/dags/dag5.py
[2025-09-30T18:15:41.523+0000] {processor.py:840} INFO - DAG(s) 'dag5' retrieved from /opt/airflow/dags/dag5.py
[2025-09-30T18:15:42.184+0000] {logging_mixin.py:188} INFO - [2025-09-30T18:15:42.182+0000] {override.py:1829} INFO - Created Permission View: can edit on DAG:dag5
[2025-09-30T18:15:42.292+0000] {logging_mixin.py:188} INFO - [2025-09-30T18:15:42.291+0000] {override.py:1829} INFO - Created Permission View: can read on DAG:dag5
[2025-09-30T18:15:42.355+0000] {logging_mixin.py:188} INFO - [2025-09-30T18:15:42.354+0000] {override.py:1829} INFO - Created Permission View: can delete on DAG:dag5
[2025-09-30T18:15:42.364+0000] {logging_mixin.py:188} INFO - [2025-09-30T18:15:42.363+0000] {dag.py:3096} INFO - Sync 1 DAGs
[2025-09-30T18:15:42.409+0000] {logging_mixin.py:188} INFO - [2025-09-30T18:15:42.408+0000] {dag.py:3118} INFO - Creating ORM DAG for dag5
[2025-09-30T18:15:42.449+0000] {logging_mixin.py:188} INFO - [2025-09-30T18:15:42.448+0000] {dag.py:3954} INFO - Setting next_dagrun for dag5 to 2025-09-30 18:00:00+00:00, run_after=2025-09-30 18:10:00+00:00
[2025-09-30T18:15:42.524+0000] {processor.py:183} INFO - Processing /opt/airflow/dags/dag5.py took 1.182 seconds
[2025-09-30T18:15:50.816+0000] {processor.py:161} INFO - Started process (PID=939) to work on /opt/airflow/dags/dag5.py
[2025-09-30T18:15:50.824+0000] {processor.py:830} INFO - Processing file /opt/airflow/dags/dag5.py for tasks to queue
[2025-09-30T18:15:50.835+0000] {logging_mixin.py:188} INFO - [2025-09-30T18:15:50.829+0000] {dagbag.py:545} INFO - Filling up the DagBag from /opt/airflow/dags/dag5.py
[2025-09-30T18:15:51.005+0000] {processor.py:840} INFO - DAG(s) 'dag5' retrieved from /opt/airflow/dags/dag5.py
[2025-09-30T18:15:51.044+0000] {logging_mixin.py:188} INFO - [2025-09-30T18:15:51.043+0000] {dag.py:3096} INFO - Sync 1 DAGs
[2025-09-30T18:15:51.206+0000] {logging_mixin.py:188} INFO - [2025-09-30T18:15:51.206+0000] {dag.py:3954} INFO - Setting next_dagrun for dag5 to 2025-09-30 18:00:00+00:00, run_after=2025-09-30 18:10:00+00:00
[2025-09-30T18:15:51.351+0000] {processor.py:183} INFO - Processing /opt/airflow/dags/dag5.py took 0.571 seconds
[2025-09-30T18:15:58.322+0000] {processor.py:161} INFO - Started process (PID=953) to work on /opt/airflow/dags/dag5.py
[2025-09-30T18:15:58.325+0000] {processor.py:830} INFO - Processing file /opt/airflow/dags/dag5.py for tasks to queue
[2025-09-30T18:15:58.328+0000] {logging_mixin.py:188} INFO - [2025-09-30T18:15:58.327+0000] {dagbag.py:545} INFO - Filling up the DagBag from /opt/airflow/dags/dag5.py
[2025-09-30T18:15:58.506+0000] {processor.py:840} INFO - DAG(s) 'dag5' retrieved from /opt/airflow/dags/dag5.py
[2025-09-30T18:15:58.547+0000] {logging_mixin.py:188} INFO - [2025-09-30T18:15:58.546+0000] {dag.py:3096} INFO - Sync 1 DAGs
[2025-09-30T18:15:58.647+0000] {logging_mixin.py:188} INFO - [2025-09-30T18:15:58.647+0000] {dag.py:3954} INFO - Setting next_dagrun for dag5 to 2025-09-30 18:00:00+00:00, run_after=2025-09-30 18:10:00+00:00
[2025-09-30T18:15:58.761+0000] {processor.py:183} INFO - Processing /opt/airflow/dags/dag5.py took 0.471 seconds
[2025-09-30T18:16:29.288+0000] {processor.py:161} INFO - Started process (PID=1009) to work on /opt/airflow/dags/dag5.py
[2025-09-30T18:16:29.290+0000] {processor.py:830} INFO - Processing file /opt/airflow/dags/dag5.py for tasks to queue
[2025-09-30T18:16:29.292+0000] {logging_mixin.py:188} INFO - [2025-09-30T18:16:29.291+0000] {dagbag.py:545} INFO - Filling up the DagBag from /opt/airflow/dags/dag5.py
[2025-09-30T18:16:29.360+0000] {processor.py:840} INFO - DAG(s) 'dag5' retrieved from /opt/airflow/dags/dag5.py
[2025-09-30T18:16:29.450+0000] {logging_mixin.py:188} INFO - [2025-09-30T18:16:29.449+0000] {dag.py:3096} INFO - Sync 1 DAGs
[2025-09-30T18:16:29.556+0000] {logging_mixin.py:188} INFO - [2025-09-30T18:16:29.545+0000] {dag.py:3954} INFO - Setting next_dagrun for dag5 to 2025-09-30 18:00:00+00:00, run_after=2025-09-30 18:10:00+00:00
[2025-09-30T18:16:29.636+0000] {processor.py:183} INFO - Processing /opt/airflow/dags/dag5.py took 0.371 seconds
[2025-09-30T18:17:00.227+0000] {processor.py:161} INFO - Started process (PID=1065) to work on /opt/airflow/dags/dag5.py
[2025-09-30T18:17:00.255+0000] {processor.py:830} INFO - Processing file /opt/airflow/dags/dag5.py for tasks to queue
[2025-09-30T18:17:00.273+0000] {logging_mixin.py:188} INFO - [2025-09-30T18:17:00.272+0000] {dagbag.py:545} INFO - Filling up the DagBag from /opt/airflow/dags/dag5.py
[2025-09-30T18:17:00.824+0000] {processor.py:840} INFO - DAG(s) 'dag5' retrieved from /opt/airflow/dags/dag5.py
[2025-09-30T18:17:00.968+0000] {logging_mixin.py:188} INFO - [2025-09-30T18:17:00.967+0000] {dag.py:3096} INFO - Sync 1 DAGs
[2025-09-30T18:17:01.092+0000] {logging_mixin.py:188} INFO - [2025-09-30T18:17:01.092+0000] {dag.py:3954} INFO - Setting next_dagrun for dag5 to 2025-09-30 18:00:00+00:00, run_after=2025-09-30 18:10:00+00:00
[2025-09-30T18:17:01.274+0000] {processor.py:183} INFO - Processing /opt/airflow/dags/dag5.py took 1.094 seconds
[2025-09-30T18:17:31.889+0000] {processor.py:161} INFO - Started process (PID=1121) to work on /opt/airflow/dags/dag5.py
[2025-09-30T18:17:31.895+0000] {processor.py:830} INFO - Processing file /opt/airflow/dags/dag5.py for tasks to queue
[2025-09-30T18:17:31.897+0000] {logging_mixin.py:188} INFO - [2025-09-30T18:17:31.896+0000] {dagbag.py:545} INFO - Filling up the DagBag from /opt/airflow/dags/dag5.py
[2025-09-30T18:17:32.094+0000] {processor.py:840} INFO - DAG(s) 'dag5' retrieved from /opt/airflow/dags/dag5.py
[2025-09-30T18:17:32.219+0000] {logging_mixin.py:188} INFO - [2025-09-30T18:17:32.218+0000] {dag.py:3096} INFO - Sync 1 DAGs
[2025-09-30T18:17:32.356+0000] {logging_mixin.py:188} INFO - [2025-09-30T18:17:32.356+0000] {dag.py:3954} INFO - Setting next_dagrun for dag5 to 2025-09-30 18:00:00+00:00, run_after=2025-09-30 18:10:00+00:00
[2025-09-30T18:17:32.456+0000] {processor.py:183} INFO - Processing /opt/airflow/dags/dag5.py took 0.601 seconds
[2025-09-30T18:18:03.432+0000] {processor.py:161} INFO - Started process (PID=1177) to work on /opt/airflow/dags/dag5.py
[2025-09-30T18:18:03.434+0000] {processor.py:830} INFO - Processing file /opt/airflow/dags/dag5.py for tasks to queue
[2025-09-30T18:18:03.436+0000] {logging_mixin.py:188} INFO - [2025-09-30T18:18:03.435+0000] {dagbag.py:545} INFO - Filling up the DagBag from /opt/airflow/dags/dag5.py
[2025-09-30T18:18:03.519+0000] {processor.py:840} INFO - DAG(s) 'dag5' retrieved from /opt/airflow/dags/dag5.py
[2025-09-30T18:18:03.646+0000] {logging_mixin.py:188} INFO - [2025-09-30T18:18:03.645+0000] {dag.py:3096} INFO - Sync 1 DAGs
[2025-09-30T18:18:03.807+0000] {logging_mixin.py:188} INFO - [2025-09-30T18:18:03.798+0000] {dag.py:3954} INFO - Setting next_dagrun for dag5 to 2025-09-30 18:00:00+00:00, run_after=2025-09-30 18:10:00+00:00
[2025-09-30T18:18:03.984+0000] {processor.py:183} INFO - Processing /opt/airflow/dags/dag5.py took 0.588 seconds
[2025-09-30T18:18:34.399+0000] {processor.py:161} INFO - Started process (PID=1231) to work on /opt/airflow/dags/dag5.py
[2025-09-30T18:18:34.401+0000] {processor.py:830} INFO - Processing file /opt/airflow/dags/dag5.py for tasks to queue
[2025-09-30T18:18:34.404+0000] {logging_mixin.py:188} INFO - [2025-09-30T18:18:34.403+0000] {dagbag.py:545} INFO - Filling up the DagBag from /opt/airflow/dags/dag5.py
[2025-09-30T18:18:34.498+0000] {processor.py:840} INFO - DAG(s) 'dag5' retrieved from /opt/airflow/dags/dag5.py
[2025-09-30T18:18:34.591+0000] {logging_mixin.py:188} INFO - [2025-09-30T18:18:34.590+0000] {dag.py:3096} INFO - Sync 1 DAGs
[2025-09-30T18:18:34.710+0000] {logging_mixin.py:188} INFO - [2025-09-30T18:18:34.709+0000] {dag.py:3954} INFO - Setting next_dagrun for dag5 to 2025-09-30 18:00:00+00:00, run_after=2025-09-30 18:10:00+00:00
[2025-09-30T18:18:34.785+0000] {processor.py:183} INFO - Processing /opt/airflow/dags/dag5.py took 0.418 seconds
[2025-09-30T18:19:05.398+0000] {processor.py:161} INFO - Started process (PID=1286) to work on /opt/airflow/dags/dag5.py
[2025-09-30T18:19:05.411+0000] {processor.py:830} INFO - Processing file /opt/airflow/dags/dag5.py for tasks to queue
[2025-09-30T18:19:05.418+0000] {logging_mixin.py:188} INFO - [2025-09-30T18:19:05.417+0000] {dagbag.py:545} INFO - Filling up the DagBag from /opt/airflow/dags/dag5.py
[2025-09-30T18:19:05.799+0000] {processor.py:840} INFO - DAG(s) 'dag5' retrieved from /opt/airflow/dags/dag5.py
[2025-09-30T18:19:05.902+0000] {logging_mixin.py:188} INFO - [2025-09-30T18:19:05.902+0000] {dag.py:3096} INFO - Sync 1 DAGs
[2025-09-30T18:19:06.065+0000] {logging_mixin.py:188} INFO - [2025-09-30T18:19:06.064+0000] {dag.py:3954} INFO - Setting next_dagrun for dag5 to 2025-09-30 18:00:00+00:00, run_after=2025-09-30 18:10:00+00:00
[2025-09-30T18:19:06.196+0000] {processor.py:183} INFO - Processing /opt/airflow/dags/dag5.py took 0.834 seconds
[2025-09-30T18:19:36.835+0000] {processor.py:161} INFO - Started process (PID=1343) to work on /opt/airflow/dags/dag5.py
[2025-09-30T18:19:36.847+0000] {processor.py:830} INFO - Processing file /opt/airflow/dags/dag5.py for tasks to queue
[2025-09-30T18:19:36.850+0000] {logging_mixin.py:188} INFO - [2025-09-30T18:19:36.849+0000] {dagbag.py:545} INFO - Filling up the DagBag from /opt/airflow/dags/dag5.py
[2025-09-30T18:19:36.938+0000] {processor.py:840} INFO - DAG(s) 'dag5' retrieved from /opt/airflow/dags/dag5.py
[2025-09-30T18:19:37.009+0000] {logging_mixin.py:188} INFO - [2025-09-30T18:19:37.008+0000] {dag.py:3096} INFO - Sync 1 DAGs
[2025-09-30T18:19:37.138+0000] {logging_mixin.py:188} INFO - [2025-09-30T18:19:37.138+0000] {dag.py:3954} INFO - Setting next_dagrun for dag5 to 2025-09-30 18:00:00+00:00, run_after=2025-09-30 18:10:00+00:00
[2025-09-30T18:19:37.237+0000] {processor.py:183} INFO - Processing /opt/airflow/dags/dag5.py took 0.427 seconds
[2025-09-30T18:20:08.514+0000] {processor.py:161} INFO - Started process (PID=1399) to work on /opt/airflow/dags/dag5.py
[2025-09-30T18:20:08.521+0000] {processor.py:830} INFO - Processing file /opt/airflow/dags/dag5.py for tasks to queue
[2025-09-30T18:20:08.566+0000] {logging_mixin.py:188} INFO - [2025-09-30T18:20:08.565+0000] {dagbag.py:545} INFO - Filling up the DagBag from /opt/airflow/dags/dag5.py
[2025-09-30T18:20:08.858+0000] {processor.py:840} INFO - DAG(s) 'dag5' retrieved from /opt/airflow/dags/dag5.py
[2025-09-30T18:20:08.991+0000] {logging_mixin.py:188} INFO - [2025-09-30T18:20:08.990+0000] {dag.py:3096} INFO - Sync 1 DAGs
[2025-09-30T18:20:09.096+0000] {logging_mixin.py:188} INFO - [2025-09-30T18:20:09.096+0000] {dag.py:3954} INFO - Setting next_dagrun for dag5 to 2025-09-30 18:10:00+00:00, run_after=2025-09-30 18:20:00+00:00
[2025-09-30T18:20:09.760+0000] {processor.py:183} INFO - Processing /opt/airflow/dags/dag5.py took 1.283 seconds
[2025-09-30T18:20:40.742+0000] {processor.py:161} INFO - Started process (PID=1453) to work on /opt/airflow/dags/dag5.py
[2025-09-30T18:20:40.769+0000] {processor.py:830} INFO - Processing file /opt/airflow/dags/dag5.py for tasks to queue
[2025-09-30T18:20:40.772+0000] {logging_mixin.py:188} INFO - [2025-09-30T18:20:40.771+0000] {dagbag.py:545} INFO - Filling up the DagBag from /opt/airflow/dags/dag5.py
[2025-09-30T18:20:40.944+0000] {processor.py:840} INFO - DAG(s) 'dag5' retrieved from /opt/airflow/dags/dag5.py
[2025-09-30T18:20:41.073+0000] {logging_mixin.py:188} INFO - [2025-09-30T18:20:41.072+0000] {dag.py:3096} INFO - Sync 1 DAGs
[2025-09-30T18:20:41.249+0000] {logging_mixin.py:188} INFO - [2025-09-30T18:20:41.248+0000] {dag.py:3954} INFO - Setting next_dagrun for dag5 to 2025-09-30 18:10:00+00:00, run_after=2025-09-30 18:20:00+00:00
[2025-09-30T18:20:41.363+0000] {processor.py:183} INFO - Processing /opt/airflow/dags/dag5.py took 0.659 seconds
[2025-09-30T18:21:12.375+0000] {processor.py:161} INFO - Started process (PID=1508) to work on /opt/airflow/dags/dag5.py
[2025-09-30T18:21:12.387+0000] {processor.py:830} INFO - Processing file /opt/airflow/dags/dag5.py for tasks to queue
[2025-09-30T18:21:12.390+0000] {logging_mixin.py:188} INFO - [2025-09-30T18:21:12.389+0000] {dagbag.py:545} INFO - Filling up the DagBag from /opt/airflow/dags/dag5.py
[2025-09-30T18:21:12.497+0000] {processor.py:840} INFO - DAG(s) 'dag5' retrieved from /opt/airflow/dags/dag5.py
[2025-09-30T18:21:12.607+0000] {logging_mixin.py:188} INFO - [2025-09-30T18:21:12.606+0000] {dag.py:3096} INFO - Sync 1 DAGs
[2025-09-30T18:21:12.746+0000] {logging_mixin.py:188} INFO - [2025-09-30T18:21:12.746+0000] {dag.py:3954} INFO - Setting next_dagrun for dag5 to 2025-09-30 18:10:00+00:00, run_after=2025-09-30 18:20:00+00:00
[2025-09-30T18:21:12.826+0000] {processor.py:183} INFO - Processing /opt/airflow/dags/dag5.py took 0.484 seconds
