[2025-10-02T18:36:01.393+0000] {local_task_job_runner.py:120} INFO - ::group::Pre task execution logs
[2025-10-02T18:36:01.419+0000] {taskinstance.py:2076} INFO - Dependencies all met for dep_context=non-requeueable deps ti=<TaskInstance: Airflow_Depi.print_date manual__2025-10-02T18:35:59.297766+00:00 [queued]>
[2025-10-02T18:36:01.431+0000] {taskinstance.py:2076} INFO - Dependencies all met for dep_context=requeueable deps ti=<TaskInstance: Airflow_Depi.print_date manual__2025-10-02T18:35:59.297766+00:00 [queued]>
[2025-10-02T18:36:01.443+0000] {taskinstance.py:2306} INFO - Starting attempt 1 of 1
[2025-10-02T18:36:01.461+0000] {taskinstance.py:2330} INFO - Executing <Task(BashOperator): print_date> on 2025-10-02 18:35:59.297766+00:00
[2025-10-02T18:36:01.468+0000] {warnings.py:112} WARNING - /home/***/.local/lib/python3.12/site-packages/***/task/task_runner/standard_task_runner.py:61: DeprecationWarning: This process (pid=3298) is multi-threaded, use of fork() may lead to deadlocks in the child.
  pid = os.fork()

[2025-10-02T18:36:01.472+0000] {standard_task_runner.py:90} INFO - Running: ['***', 'tasks', 'run', 'Airflow_Depi', 'print_date', 'manual__2025-10-02T18:35:59.297766+00:00', '--job-id', '916', '--raw', '--subdir', 'DAGS_FOLDER/Airflow_Depi.py', '--cfg-path', '/tmp/tmpuf1tbnbp']
[2025-10-02T18:36:01.476+0000] {standard_task_runner.py:63} INFO - Started process 3315 to run task
[2025-10-02T18:36:01.478+0000] {standard_task_runner.py:91} INFO - Job 916: Subtask print_date
[2025-10-02T18:36:01.504+0000] {warnings.py:112} WARNING - /home/***/.local/lib/python3.12/site-packages/***/settings.py:195: DeprecationWarning: The sql_alchemy_conn option in [core] has been moved to the sql_alchemy_conn option in [database] - the old setting has been used, but please update your config.
  SQL_ALCHEMY_CONN = conf.get("database", "SQL_ALCHEMY_CONN")

[2025-10-02T18:36:01.606+0000] {task_command.py:426} INFO - Running <TaskInstance: Airflow_Depi.print_date manual__2025-10-02T18:35:59.297766+00:00 [running]> on host 7b79ac012ec6
[2025-10-02T18:36:01.725+0000] {taskinstance.py:2648} INFO - Exporting env vars: AIRFLOW_CTX_DAG_OWNER='***' AIRFLOW_CTX_DAG_ID='Airflow_Depi' AIRFLOW_CTX_TASK_ID='print_date' AIRFLOW_CTX_EXECUTION_DATE='2025-10-02T18:35:59.297766+00:00' AIRFLOW_CTX_TRY_NUMBER='1' AIRFLOW_CTX_DAG_RUN_ID='manual__2025-10-02T18:35:59.297766+00:00'
[2025-10-02T18:36:01.727+0000] {taskinstance.py:430} INFO - ::endgroup::
[2025-10-02T18:36:01.729+0000] {subprocess.py:63} INFO - Tmp dir root location: /tmp
[2025-10-02T18:36:01.732+0000] {subprocess.py:75} INFO - Running command: ['/usr/bin/bash', '-c', 'date']
[2025-10-02T18:36:01.747+0000] {subprocess.py:86} INFO - Output:
[2025-10-02T18:36:01.749+0000] {subprocess.py:93} INFO - Thu Oct  2 18:36:01 UTC 2025
[2025-10-02T18:36:01.750+0000] {subprocess.py:97} INFO - Command exited with return code 0
[2025-10-02T18:36:01.751+0000] {taskinstance.py:441} INFO - ::group::Post task execution logs
[2025-10-02T18:36:01.793+0000] {taskinstance.py:1206} INFO - Marking task as SUCCESS. dag_id=Airflow_Depi, task_id=print_date, run_id=manual__2025-10-02T18:35:59.297766+00:00, execution_date=20251002T183559, start_date=20251002T183601, end_date=20251002T183601
[2025-10-02T18:36:01.868+0000] {local_task_job_runner.py:240} INFO - Task exited with return code 0
[2025-10-02T18:36:01.883+0000] {local_task_job_runner.py:222} INFO - ::endgroup::
